0 info it worked if it ends with ok
1 verbose cli [ 'C:\\Program Files\\nodejs\\node.exe',
1 verbose cli   'C:\\Program Files\\nodejs\\node_modules\\npm\\bin\\npm-cli.js',
1 verbose cli   'start' ]
2 info using npm@3.10.10
3 info using node@v6.11.4
4 verbose run-script [ 'prestart', 'start', 'poststart' ]
5 info lifecycle fibonacci@0.0.0~prestart: fibonacci@0.0.0
6 silly lifecycle fibonacci@0.0.0~prestart: no script for prestart, continuing
7 info lifecycle fibonacci@0.0.0~start: fibonacci@0.0.0
8 verbose lifecycle fibonacci@0.0.0~start: unsafe-perm in lifecycle true
9 verbose lifecycle fibonacci@0.0.0~start: PATH: C:\Program Files\nodejs\node_modules\npm\bin\node-gyp-bin;C:\Users\Glenn\WebstormProjects\Fibonacci\node_modules\.bin;C:\Python27\;C:\Python27\Scripts;C:\Perl\site\bin;C:\Perl\bin;C:\Program Files (x86)\NVIDIA Corporation\PhysX\Common;C:\ProgramData\Oracle\Java\javapath;C:\Windows\system32;C:\Windows;C:\Windows\System32\Wbem;C:\Windows\System32\WindowsPowerShell\v1.0\;C:\Program Files (x86)\ATI Technologies\ATI.ACE\Core-Static;C:\Program Files\Acer\Remote Files\;C:\Program Files (x86)\AMD\ATI.ACE\Core-Static;C:\Program Files (x86)\QuickTime\QTSystem\;C:\WINDOWS\system32;C:\WINDOWS;C:\WINDOWS\System32\Wbem;C:\WINDOWS\System32\WindowsPowerShell\v1.0\;C:\Program Files\Git\mingw64\libexec\git-core;C:\ffmpeg-20160205-git-6632802-win64-shared\bin;C:\WINDOWS\system32\config\systemprofile\.dnx\bin;C:\Program Files\Microsoft DNX\Dnvm\;C:\Program Files\Microsoft SQL Server\130\Tools\Binn\;C:\Strawberry\c\bin;C:\Strawberry\perl\site\bin;C:\Strawberry\perl\bin;C:\Dwimperl\perl\bin;C:\Dwimperl\perl\site\bin;C:\Dwimperl\c\bin;C:\Program Files (x86)\Skype\Phone\;C:\Program Files (x86)\GtkSharp\2.12\bin;C:\Program Files\nodejs\;C:\Program Files (x86)\Google\google_appengine\;C:\Users\Glenn\AppData\Local\Microsoft\WindowsApps;C:\Users\Glenn\AppData\Roaming\npm
10 verbose lifecycle fibonacci@0.0.0~start: CWD: C:\Users\Glenn\WebstormProjects\Fibonacci
11 silly lifecycle fibonacci@0.0.0~start: Args: [ '/d /s /c', 'DEBUG=fibonacci:* node ./bin/www' ]
12 silly lifecycle fibonacci@0.0.0~start: Returned: code: 1  signal: null
13 info lifecycle fibonacci@0.0.0~start: Failed to exec start script
14 verbose stack Error: fibonacci@0.0.0 start: `DEBUG=fibonacci:* node ./bin/www`
14 verbose stack Exit status 1
14 verbose stack     at EventEmitter.<anonymous> (C:\Program Files\nodejs\node_modules\npm\lib\utils\lifecycle.js:255:16)
14 verbose stack     at emitTwo (events.js:106:13)
14 verbose stack     at EventEmitter.emit (events.js:191:7)
14 verbose stack     at ChildProcess.<anonymous> (C:\Program Files\nodejs\node_modules\npm\lib\utils\spawn.js:40:14)
14 verbose stack     at emitTwo (events.js:106:13)
14 verbose stack     at ChildProcess.emit (events.js:191:7)
14 verbose stack     at maybeClose (internal/child_process.js:920:16)
14 verbose stack     at Process.ChildProcess._handle.onexit (internal/child_process.js:230:5)
15 verbose pkgid fibonacci@0.0.0
16 verbose cwd C:\Users\Glenn\WebstormProjects\Fibonacci
17 error Windows_NT 10.0.14393
18 error argv "C:\\Program Files\\nodejs\\node.exe" "C:\\Program Files\\nodejs\\node_modules\\npm\\bin\\npm-cli.js" "start"
19 error node v6.11.4
20 error npm  v3.10.10
21 error code ELIFECYCLE
22 error fibonacci@0.0.0 start: `DEBUG=fibonacci:* node ./bin/www`
22 error Exit status 1
23 error Failed at the fibonacci@0.0.0 start script 'DEBUG=fibonacci:* node ./bin/www'.
23 error Make sure you have the latest version of node.js and npm installed.
23 error If you do, this is most likely a problem with the fibonacci package,
23 error not with npm itself.
23 error Tell the author that this fails on your system:
23 error     DEBUG=fibonacci:* node ./bin/www
23 error You can get information on how to open an issue for this project with:
23 error     npm bugs fibonacci
23 error Or if that isn't available, you can get their info via:
23 error     npm owner ls fibonacci
23 error There is likely additional logging output above.
24 verbose exit [ 1, true ]
